<?xml version="1.0" encoding="UTF-8"?>
<order>
  <productid>100</productid>
  <quantity>1</quantity>
  <account>100</account>
  <division>IT</division>
</order>
